<?xml version="1.0" encoding="UTF-8"?>
<!-- Generated by org.testng.reporters.JUnitXMLReporter -->
<testsuite ignored="0" hostname="sanket" failures="0" tests="5" name="Default test" time="6.513" errors="0" timestamp="2024-09-15T12:17:06 IST">
  <testcase classname="qa.test.TestLogin" name="Login" time="0.215"/>
  <testcase classname="qa.test.TestLogin" name="Login" time="0.18"/>
  <testcase classname="qa.test.TestLogin" name="Login" time="0.168"/>
  <testcase classname="qa.test.TestLogin" name="Login" time="0.178"/>
  <testcase classname="qa.test.TestLogin" name="checkUrl" time="0.006"/>
</testsuite> <!-- Default test -->
