<?xml version="1.0" encoding="UTF-8"?>
<testng-results ignored="0" total="5" passed="5" failed="0" skipped="0">
  <reporter-output>
  </reporter-output>
  <suite started-at="2024-09-15T12:17:00 IST" name="Default suite" finished-at="2024-09-15T12:17:06 IST" duration-ms="6513">
    <groups>
    </groups>
    <test started-at="2024-09-15T12:17:00 IST" name="Default test" finished-at="2024-09-15T12:17:06 IST" duration-ms="6513">
      <class name="qa.test.TestLogin">
        <test-method is-config="true" signature="openBrowser()[pri:0, instance:qa.test.TestLogin@3febb011]" started-at="2024-09-15T12:17:00 IST" name="openBrowser" finished-at="2024-09-15T12:17:01 IST" duration-ms="1674" status="PASS">
          <reporter-output>
          </reporter-output>
        </test-method> <!-- openBrowser -->
        <test-method is-config="true" signature="pomClassObject()[pri:0, instance:qa.test.TestLogin@3febb011]" started-at="2024-09-15T12:17:01 IST" name="pomClassObject" finished-at="2024-09-15T12:17:01 IST" duration-ms="18" status="PASS">
          <reporter-output>
          </reporter-output>
        </test-method> <!-- pomClassObject -->
        <test-method is-config="true" signature="beforeMethod()[pri:0, instance:qa.test.TestLogin@3febb011]" started-at="2024-09-15T12:17:02 IST" name="beforeMethod" finished-at="2024-09-15T12:17:03 IST" duration-ms="936" status="PASS">
          <reporter-output>
          </reporter-output>
        </test-method> <!-- beforeMethod -->
        <test-method signature="Login(java.lang.String,java.lang.String)[pri:0, instance:qa.test.TestLogin@3febb011]" started-at="2024-09-15T12:17:03 IST" name="Login" data-provider="testData" finished-at="2024-09-15T12:17:03 IST" duration-ms="215" status="PASS">
          <params>
            <param index="0">
              <value>
                <![CDATA[kaido@gmail.com]]>
              </value>
            </param>
            <param index="1">
              <value>
                <![CDATA[kaido1234]]>
              </value>
            </param>
          </params>
          <reporter-output>
          </reporter-output>
        </test-method> <!-- Login -->
        <test-method is-config="true" signature="beforeMethod()[pri:0, instance:qa.test.TestLogin@3febb011]" started-at="2024-09-15T12:17:03 IST" name="beforeMethod" finished-at="2024-09-15T12:17:04 IST" duration-ms="781" status="PASS">
          <reporter-output>
          </reporter-output>
        </test-method> <!-- beforeMethod -->
        <test-method signature="Login(java.lang.String,java.lang.String)[pri:0, instance:qa.test.TestLogin@3febb011]" started-at="2024-09-15T12:17:04 IST" name="Login" data-provider="testData" finished-at="2024-09-15T12:17:04 IST" duration-ms="180" status="PASS">
          <params>
            <param index="0">
              <value>
                <![CDATA[zoro@gmail.com]]>
              </value>
            </param>
            <param index="1">
              <value>
                <![CDATA[zoro1234]]>
              </value>
            </param>
          </params>
          <reporter-output>
          </reporter-output>
        </test-method> <!-- Login -->
        <test-method is-config="true" signature="beforeMethod()[pri:0, instance:qa.test.TestLogin@3febb011]" started-at="2024-09-15T12:17:04 IST" name="beforeMethod" finished-at="2024-09-15T12:17:05 IST" duration-ms="650" status="PASS">
          <reporter-output>
          </reporter-output>
        </test-method> <!-- beforeMethod -->
        <test-method signature="Login(java.lang.String,java.lang.String)[pri:0, instance:qa.test.TestLogin@3febb011]" started-at="2024-09-15T12:17:05 IST" name="Login" data-provider="testData" finished-at="2024-09-15T12:17:05 IST" duration-ms="168" status="PASS">
          <params>
            <param index="0">
              <value>
                <![CDATA[luffy@gmail.com]]>
              </value>
            </param>
            <param index="1">
              <value>
                <![CDATA[luffy1234]]>
              </value>
            </param>
          </params>
          <reporter-output>
          </reporter-output>
        </test-method> <!-- Login -->
        <test-method is-config="true" signature="beforeMethod()[pri:0, instance:qa.test.TestLogin@3febb011]" started-at="2024-09-15T12:17:05 IST" name="beforeMethod" finished-at="2024-09-15T12:17:05 IST" duration-ms="644" status="PASS">
          <reporter-output>
          </reporter-output>
        </test-method> <!-- beforeMethod -->
        <test-method signature="Login(java.lang.String,java.lang.String)[pri:0, instance:qa.test.TestLogin@3febb011]" started-at="2024-09-15T12:17:05 IST" name="Login" data-provider="testData" finished-at="2024-09-15T12:17:06 IST" duration-ms="178" status="PASS">
          <params>
            <param index="0">
              <value>
                <![CDATA[sanji@gmail.com]]>
              </value>
            </param>
            <param index="1">
              <value>
                <![CDATA[sanji1234]]>
              </value>
            </param>
          </params>
          <reporter-output>
          </reporter-output>
        </test-method> <!-- Login -->
        <test-method is-config="true" signature="beforeMethod()[pri:0, instance:qa.test.TestLogin@3febb011]" started-at="2024-09-15T12:17:06 IST" name="beforeMethod" finished-at="2024-09-15T12:17:06 IST" duration-ms="625" status="PASS">
          <reporter-output>
          </reporter-output>
        </test-method> <!-- beforeMethod -->
        <test-method signature="checkUrl()[pri:0, instance:qa.test.TestLogin@3febb011]" started-at="2024-09-15T12:17:06 IST" name="checkUrl" finished-at="2024-09-15T12:17:06 IST" duration-ms="6" status="PASS">
          <reporter-output>
          </reporter-output>
        </test-method> <!-- checkUrl -->
      </class> <!-- qa.test.TestLogin -->
    </test> <!-- Default test -->
  </suite> <!-- Default suite -->
</testng-results>
